{"level":"http","message": "Swagger ON","Date":"13-03-2023 20:30:53"}
{"level":"http","message": "Solicitação recebida da origem http://192.168.15.143:3000","Date":"13-03-2023 20:31:28"}
{"level":"http","message": "Solicitado BIBLIA na rota /buscaversao","Date":"13-03-2023 20:31:28"}
{"level":"http","message": "Solicitação recebida da origem http://192.168.15.143:3000","Date":"13-03-2023 20:31:29"}
{"level":"http","message": "Solicitado BIBLIA na rota /buscaversao","Date":"13-03-2023 20:31:29"}
{"level":"http","message": "Solicitação recebida da origem http://192.168.15.143:3000","Date":"13-03-2023 20:31:29"}
{"level":"http","message": "Solicitado BIBLIA na rota /buscatestamento","Date":"13-03-2023 20:31:29"}
{"level":"http","message": "Solicitação recebida da origem http://192.168.15.143:3000","Date":"13-03-2023 20:31:29"}
{"level":"http","message": "Solicitado BIBLIA na rota /buscatestamento","Date":"13-03-2023 20:31:29"}
{"level":"http","message": "Solicitação recebida da origem http://192.168.15.143:3000","Date":"13-03-2023 20:31:36"}
{"level":"http","message": "Solicitado BIBLIA na rota /buscalivros/:testamento_id","Date":"13-03-2023 20:31:36"}
{"level":"http","message": "Solicitação recebida da origem http://192.168.15.143:3000","Date":"13-03-2023 20:31:37"}
{"level":"http","message": "Solicitado BIBLIA na rota /buscacapitulo/:versao_id/:livro_id","Date":"13-03-2023 20:31:37"}
{"level":"http","message": "Solicitação recebida da origem http://localhost","Date":"13-03-2023 20:31:42"}
{"level":"http","message": "Solicitado BIBLIA na rota /buscacapitulo/:versao_id/:livro_id","Date":"13-03-2023 20:31:42"}
{"level":"http","message": "Solicitação recebida da origem http://localhost","Date":"13-03-2023 20:31:42"}
{"level":"http","message": "Solicitado BIBLIA na rota /buscacapitulo/:versao_id/:livro_id","Date":"13-03-2023 20:31:42"}
{"level":"http","message": "Solicitação recebida da origem http://localhost","Date":"13-03-2023 20:31:42"}
{"level":"http","message": "Solicitado BIBLIA na rota /buscacapitulo/:versao_id/:livro_id","Date":"13-03-2023 20:31:42"}
{"level":"http","message": "Solicitação recebida da origem http://localhost","Date":"13-03-2023 20:31:42"}
{"level":"http","message": "Solicitado BIBLIA na rota /buscacapitulo/:versao_id/:livro_id","Date":"13-03-2023 20:31:42"}
{"level":"http","message": "Solicitação recebida da origem http://localhost","Date":"13-03-2023 20:31:42"}
{"level":"http","message": "Solicitado BIBLIA na rota /buscacapitulo/:versao_id/:livro_id","Date":"13-03-2023 20:31:42"}
{"level":"http","message": "Solicitação recebida da origem http://localhost","Date":"13-03-2023 20:31:42"}
{"level":"http","message": "Solicitado BIBLIA na rota /buscacapitulo/:versao_id/:livro_id","Date":"13-03-2023 20:31:42"}
{"level":"http","message": "Solicitação recebida da origem http://localhost","Date":"13-03-2023 20:31:42"}
{"level":"http","message": "Solicitado BIBLIA na rota /buscacapitulo/:versao_id/:livro_id","Date":"13-03-2023 20:31:42"}
{"level":"http","message": "Solicitação recebida da origem http://localhost","Date":"13-03-2023 20:31:42"}
{"level":"http","message": "Solicitado BIBLIA na rota /buscacapitulo/:versao_id/:livro_id","Date":"13-03-2023 20:31:42"}
{"level":"http","message": "Solicitação recebida da origem http://localhost","Date":"13-03-2023 20:31:42"}
{"level":"http","message": "Solicitado BIBLIA na rota /buscacapitulo/:versao_id/:livro_id","Date":"13-03-2023 20:31:42"}
{"level":"http","message": "Solicitação recebida da origem http://localhost","Date":"13-03-2023 20:31:42"}
{"level":"http","message": "Solicitado BIBLIA na rota /buscacapitulo/:versao_id/:livro_id","Date":"13-03-2023 20:31:42"}
{"level":"http","message": "Solicitação recebida da origem http://localhost","Date":"13-03-2023 20:31:42"}
{"level":"http","message": "Solicitado BIBLIA na rota /buscacapitulo/:versao_id/:livro_id","Date":"13-03-2023 20:31:42"}
{"level":"http","message": "Solicitação recebida da origem http://localhost","Date":"13-03-2023 20:31:42"}
{"level":"http","message": "Solicitado BIBLIA na rota /buscacapitulo/:versao_id/:livro_id","Date":"13-03-2023 20:31:42"}
{"level":"http","message": "Solicitação recebida da origem http://localhost","Date":"13-03-2023 20:31:42"}
{"level":"http","message": "Solicitado BIBLIA na rota /buscacapitulo/:versao_id/:livro_id","Date":"13-03-2023 20:31:42"}
{"level":"http","message": "Solicitação recebida da origem http://localhost","Date":"13-03-2023 20:31:42"}
{"level":"http","message": "Solicitado BIBLIA na rota /buscacapitulo/:versao_id/:livro_id","Date":"13-03-2023 20:31:42"}
{"level":"http","message": "Solicitação recebida da origem http://localhost","Date":"13-03-2023 20:31:42"}
{"level":"http","message": "Solicitado BIBLIA na rota /buscacapitulo/:versao_id/:livro_id","Date":"13-03-2023 20:31:42"}
{"level":"http","message": "Solicitação recebida da origem http://localhost","Date":"13-03-2023 20:31:42"}
{"level":"http","message": "Solicitado BIBLIA na rota /buscacapitulo/:versao_id/:livro_id","Date":"13-03-2023 20:31:42"}
{"level":"http","message": "Solicitação recebida da origem http://localhost","Date":"13-03-2023 20:31:42"}
{"level":"http","message": "Solicitado BIBLIA na rota /buscacapitulo/:versao_id/:livro_id","Date":"13-03-2023 20:31:42"}
{"level":"http","message": "Solicitação recebida da origem http://localhost","Date":"13-03-2023 20:31:42"}
{"level":"http","message": "Solicitado BIBLIA na rota /buscacapitulo/:versao_id/:livro_id","Date":"13-03-2023 20:31:42"}
{"level":"http","message": "Solicitação recebida da origem http://localhost","Date":"13-03-2023 20:31:42"}
{"level":"http","message": "Solicitado BIBLIA na rota /buscacapitulo/:versao_id/:livro_id","Date":"13-03-2023 20:31:42"}
{"level":"http","message": "Solicitação recebida da origem http://localhost","Date":"13-03-2023 20:31:42"}
{"level":"http","message": "Solicitado BIBLIA na rota /buscacapitulo/:versao_id/:livro_id","Date":"13-03-2023 20:31:42"}
{"level":"http","message": "Solicitação recebida da origem http://localhost","Date":"13-03-2023 20:31:42"}
{"level":"http","message": "Solicitado BIBLIA na rota /buscacapitulo/:versao_id/:livro_id","Date":"13-03-2023 20:31:42"}
{"level":"http","message": "Solicitação recebida da origem http://localhost","Date":"13-03-2023 20:31:42"}
{"level":"http","message": "Solicitado BIBLIA na rota /buscacapitulo/:versao_id/:livro_id","Date":"13-03-2023 20:31:42"}
{"level":"http","message": "Solicitação recebida da origem http://localhost","Date":"13-03-2023 20:31:42"}
{"level":"http","message": "Solicitado BIBLIA na rota /buscacapitulo/:versao_id/:livro_id","Date":"13-03-2023 20:31:42"}
{"level":"http","message": "Solicitação recebida da origem http://localhost","Date":"13-03-2023 20:31:42"}
{"level":"http","message": "Solicitado BIBLIA na rota /buscacapitulo/:versao_id/:livro_id","Date":"13-03-2023 20:31:42"}
{"level":"http","message": "Solicitação recebida da origem http://localhost","Date":"13-03-2023 20:31:42"}
{"level":"http","message": "Solicitado BIBLIA na rota /buscacapitulo/:versao_id/:livro_id","Date":"13-03-2023 20:31:42"}
{"level":"http","message": "Solicitação recebida da origem http://localhost","Date":"13-03-2023 20:31:42"}
{"level":"http","message": "Solicitado BIBLIA na rota /buscacapitulo/:versao_id/:livro_id","Date":"13-03-2023 20:31:42"}
{"level":"http","message": "Solicitação recebida da origem http://localhost","Date":"13-03-2023 20:31:42"}
{"level":"http","message": "Solicitado BIBLIA na rota /buscacapitulo/:versao_id/:livro_id","Date":"13-03-2023 20:31:42"}
{"level":"http","message": "Solicitação recebida da origem http://localhost","Date":"13-03-2023 20:31:42"}
{"level":"http","message": "Solicitado BIBLIA na rota /buscacapitulo/:versao_id/:livro_id","Date":"13-03-2023 20:31:42"}
{"level":"http","message": "Solicitação recebida da origem http://localhost","Date":"13-03-2023 20:31:42"}
{"level":"http","message": "Solicitado BIBLIA na rota /buscacapitulo/:versao_id/:livro_id","Date":"13-03-2023 20:31:42"}
{"level":"http","message": "Solicitação recebida da origem http://localhost","Date":"13-03-2023 20:31:42"}
{"level":"http","message": "Solicitado BIBLIA na rota /buscacapitulo/:versao_id/:livro_id","Date":"13-03-2023 20:31:42"}
{"level":"http","message": "Solicitação recebida da origem http://localhost","Date":"13-03-2023 20:31:42"}
{"level":"http","message": "Solicitado BIBLIA na rota /buscacapitulo/:versao_id/:livro_id","Date":"13-03-2023 20:31:42"}
{"level":"http","message": "Solicitação recebida da origem http://localhost","Date":"13-03-2023 20:31:42"}
{"level":"http","message": "Solicitado BIBLIA na rota /buscacapitulo/:versao_id/:livro_id","Date":"13-03-2023 20:31:42"}
{"level":"http","message": "Solicitação recebida da origem http://localhost","Date":"13-03-2023 20:31:42"}
{"level":"http","message": "Solicitado BIBLIA na rota /buscacapitulo/:versao_id/:livro_id","Date":"13-03-2023 20:31:42"}
{"level":"http","message": "Solicitação recebida da origem http://localhost","Date":"13-03-2023 20:31:42"}
{"level":"http","message": "Solicitado BIBLIA na rota /buscacapitulo/:versao_id/:livro_id","Date":"13-03-2023 20:31:42"}
{"level":"http","message": "Solicitação recebida da origem http://localhost","Date":"13-03-2023 20:31:42"}
{"level":"http","message": "Solicitado BIBLIA na rota /buscacapitulo/:versao_id/:livro_id","Date":"13-03-2023 20:31:42"}
{"level":"http","message": "Solicitação recebida da origem http://localhost","Date":"13-03-2023 20:31:42"}
{"level":"http","message": "Solicitado BIBLIA na rota /buscacapitulo/:versao_id/:livro_id","Date":"13-03-2023 20:31:42"}
{"level":"http","message": "Solicitação recebida da origem http://localhost","Date":"13-03-2023 20:31:42"}
{"level":"http","message": "Solicitado BIBLIA na rota /buscacapitulo/:versao_id/:livro_id","Date":"13-03-2023 20:31:42"}
{"level":"http","message": "Solicitação recebida da origem http://localhost","Date":"13-03-2023 20:31:42"}
{"level":"http","message": "Solicitado BIBLIA na rota /buscacapitulo/:versao_id/:livro_id","Date":"13-03-2023 20:31:42"}
{"level":"http","message": "Solicitação recebida da origem http://localhost","Date":"13-03-2023 20:31:42"}
{"level":"http","message": "Solicitado BIBLIA na rota /buscacapitulo/:versao_id/:livro_id","Date":"13-03-2023 20:31:42"}
{"level":"http","message": "Solicitação recebida da origem http://localhost","Date":"13-03-2023 20:31:42"}
{"level":"http","message": "Solicitado BIBLIA na rota /buscaconteudo/:versao_id/:testamento_id/:livro_id/:capitulo","Date":"13-03-2023 20:31:42"}
{"level":"http","message": "Solicitado IA  na rota /dataai","Date":"13-03-2023 20:31:49"}
{"level":"http","message": "Solicitado IA  na rota /dataai","Date":"13-03-2023 20:31:49"}
